빌드 시작: 2016-12-14 오후 4:04:23
     1>2 노드의 "D:\Work\JAVA\javaConsole\javaConsole\javaConsole.vcxproj" 프로젝트(Build 대상)입니다.
     1>ClCompile:
         C:\Program Files (x86)\Microsoft Visual Studio 12.0\VC\bin\x86_amd64\CL.exe /c /I"C:\Program Files (x86)\Java\jdk1.8.0_111\include\win32" /I"C:\Program Files (x86)\Java\jdk1.8.0_111\include" /Zi /nologo /W3 /WX- /O2 /Oi /GL /D WIN32 /D NDEBUG /D _WINDOWS /D _USRDLL /D JAVACONSOLE_EXPORTS /D _WINDLL /D _UNICODE /D UNICODE /Gm- /EHsc /MD /GS /Gy /fp:precise /Zc:wchar_t /Zc:forScope /Fo"x64\Release\\" /Fd"x64\Release\vc120.pdb" /Gd /TP /errorReport:prompt javaCosole.cpp jniString.cpp
         javaCosole.cpp
     1>javaCosole.cpp(2): fatal error C1083: 포함 파일을 열 수 없습니다. 'CToJava.h': No such file or directory
         jniString.cpp
     1>jniString.cpp(14): error C2819: 'JNIEnv_' 형식에 오버로드된 멤버 'operator ->'가 없습니다.
                 C:\Program Files (x86)\Java\jdk1.8.0_111\include\jni.h(782) : 'JNIEnv_' 선언을 참조하십시오.
                 대신 '.'을(를) 사용하려고 했습니까?
     1>jniString.cpp(14): error C2232: '->JNIEnv_::GetArrayLength' : 왼쪽 피연산자에 'struct' 형식이 있습니다. '.'를 사용하십시오.
     1>jniString.cpp(15): error C2819: 'JNIEnv_' 형식에 오버로드된 멤버 'operator ->'가 없습니다.
                 C:\Program Files (x86)\Java\jdk1.8.0_111\include\jni.h(782) : 'JNIEnv_' 선언을 참조하십시오.
                 대신 '.'을(를) 사용하려고 했습니까?
     1>jniString.cpp(15): error C2232: '->JNIEnv_::GetByteArrayElements' : 왼쪽 피연산자에 'struct' 형식이 있습니다. '.'를 사용하십시오.
     1>jniString.cpp(19): error C2819: 'JNIEnv_' 형식에 오버로드된 멤버 'operator ->'가 없습니다.
                 C:\Program Files (x86)\Java\jdk1.8.0_111\include\jni.h(782) : 'JNIEnv_' 선언을 참조하십시오.
                 대신 '.'을(를) 사용하려고 했습니까?
     1>jniString.cpp(19): error C2232: '->JNIEnv_::ReleaseByteArrayElements' : 왼쪽 피연산자에 'struct' 형식이 있습니다. '.'를 사용하십시오.
     1>jniString.cpp(28): warning C4267: '초기화 중' : 'size_t'에서 'int'(으)로 변환하면서 데이터가 손실될 수 있습니다.
     1>jniString.cpp(29): error C2819: 'JNIEnv_' 형식에 오버로드된 멤버 'operator ->'가 없습니다.
                 C:\Program Files (x86)\Java\jdk1.8.0_111\include\jni.h(782) : 'JNIEnv_' 선언을 참조하십시오.
                 대신 '.'을(를) 사용하려고 했습니까?
     1>jniString.cpp(29): error C2232: '->JNIEnv_::NewByteArray' : 왼쪽 피연산자에 'struct' 형식이 있습니다. '.'를 사용하십시오.
     1>jniString.cpp(30): error C2819: 'JNIEnv_' 형식에 오버로드된 멤버 'operator ->'가 없습니다.
                 C:\Program Files (x86)\Java\jdk1.8.0_111\include\jni.h(782) : 'JNIEnv_' 선언을 참조하십시오.
                 대신 '.'을(를) 사용하려고 했습니까?
     1>jniString.cpp(30): error C2232: '->JNIEnv_::SetByteArrayRegion' : 왼쪽 피연산자에 'struct' 형식이 있습니다. '.'를 사용하십시오.
     1>jniString.cpp(47): error C2440: '=' : 'jobject'에서 'jclass'(으)로 변환할 수 없습니다.
                 기본 형식에서 파생 형식으로 캐스팅하려면 dynamic_cast 또는 static_cast가 필요합니다.
     1>jniString.cpp(51): error C2819: 'JNIEnv_' 형식에 오버로드된 멤버 'operator ->'가 없습니다.
                 C:\Program Files (x86)\Java\jdk1.8.0_111\include\jni.h(782) : 'JNIEnv_' 선언을 참조하십시오.
                 대신 '.'을(를) 사용하려고 했습니까?
     1>jniString.cpp(51): error C2232: '->JNIEnv_::GetMethodID' : 왼쪽 피연산자에 'struct' 형식이 있습니다. '.'를 사용하십시오.
     1>jniString.cpp(57): error C2819: 'JNIEnv_' 형식에 오버로드된 멤버 'operator ->'가 없습니다.
                 C:\Program Files (x86)\Java\jdk1.8.0_111\include\jni.h(782) : 'JNIEnv_' 선언을 참조하십시오.
                 대신 '.'을(를) 사용하려고 했습니까?
     1>jniString.cpp(57): error C2232: '->JNIEnv_::CallObjectMethod' : 왼쪽 피연산자에 'struct' 형식이 있습니다. '.'를 사용하십시오.
     1>jniString.cpp(69): error C2819: 'JNIEnv_' 형식에 오버로드된 멤버 'operator ->'가 없습니다.
                 C:\Program Files (x86)\Java\jdk1.8.0_111\include\jni.h(782) : 'JNIEnv_' 선언을 참조하십시오.
                 대신 '.'을(를) 사용하려고 했습니까?
     1>jniString.cpp(69): error C2232: '->JNIEnv_::FindClass' : 왼쪽 피연산자에 'struct' 형식이 있습니다. '.'를 사용하십시오.
     1>jniString.cpp(72): error C2819: 'JNIEnv_' 형식에 오버로드된 멤버 'operator ->'가 없습니다.
                 C:\Program Files (x86)\Java\jdk1.8.0_111\include\jni.h(782) : 'JNIEnv_' 선언을 참조하십시오.
                 대신 '.'을(를) 사용하려고 했습니까?
     1>jniString.cpp(72): error C2232: '->JNIEnv_::NewGlobalRef' : 왼쪽 피연산자에 'struct' 형식이 있습니다. '.'를 사용하십시오.
     1>jniString.cpp(76): error C2819: 'JNIEnv_' 형식에 오버로드된 멤버 'operator ->'가 없습니다.
                 C:\Program Files (x86)\Java\jdk1.8.0_111\include\jni.h(782) : 'JNIEnv_' 선언을 참조하십시오.
                 대신 '.'을(를) 사용하려고 했습니까?
     1>jniString.cpp(76): error C2232: '->JNIEnv_::GetMethodID' : 왼쪽 피연산자에 'struct' 형식이 있습니다. '.'를 사용하십시오.
     1>jniString.cpp(82): error C2819: 'JNIEnv_' 형식에 오버로드된 멤버 'operator ->'가 없습니다.
                 C:\Program Files (x86)\Java\jdk1.8.0_111\include\jni.h(782) : 'JNIEnv_' 선언을 참조하십시오.
                 대신 '.'을(를) 사용하려고 했습니까?
     1>jniString.cpp(82): error C2232: '->JNIEnv_::CallObjectMethod' : 왼쪽 피연산자에 'struct' 형식이 있습니다. '.'를 사용하십시오.
     1>jniString.cpp(83): error C2819: 'JNIEnv_' 형식에 오버로드된 멤버 'operator ->'가 없습니다.
                 C:\Program Files (x86)\Java\jdk1.8.0_111\include\jni.h(782) : 'JNIEnv_' 선언을 참조하십시오.
                 대신 '.'을(를) 사용하려고 했습니까?
     1>jniString.cpp(83): error C2232: '->JNIEnv_::NewStringUTF' : 왼쪽 피연산자에 'struct' 형식이 있습니다. '.'를 사용하십시오.
     1>jniString.cpp(95): error C2819: 'JNIEnv_' 형식에 오버로드된 멤버 'operator ->'가 없습니다.
                 C:\Program Files (x86)\Java\jdk1.8.0_111\include\jni.h(782) : 'JNIEnv_' 선언을 참조하십시오.
                 대신 '.'을(를) 사용하려고 했습니까?
     1>jniString.cpp(95): error C2232: '->JNIEnv_::FindClass' : 왼쪽 피연산자에 'struct' 형식이 있습니다. '.'를 사용하십시오.
     1>jniString.cpp(98): error C2819: 'JNIEnv_' 형식에 오버로드된 멤버 'operator ->'가 없습니다.
                 C:\Program Files (x86)\Java\jdk1.8.0_111\include\jni.h(782) : 'JNIEnv_' 선언을 참조하십시오.
                 대신 '.'을(를) 사용하려고 했습니까?
     1>jniString.cpp(98): error C2232: '->JNIEnv_::NewGlobalRef' : 왼쪽 피연산자에 'struct' 형식이 있습니다. '.'를 사용하십시오.
     1>jniString.cpp(102): error C2819: 'JNIEnv_' 형식에 오버로드된 멤버 'operator ->'가 없습니다.
                 C:\Program Files (x86)\Java\jdk1.8.0_111\include\jni.h(782) : 'JNIEnv_' 선언을 참조하십시오.
                 대신 '.'을(를) 사용하려고 했습니까?
     1>jniString.cpp(102): error C2232: '->JNIEnv_::GetMethodID' : 왼쪽 피연산자에 'struct' 형식이 있습니다. '.'를 사용하십시오.
     1>jniString.cpp(108): error C2819: 'JNIEnv_' 형식에 오버로드된 멤버 'operator ->'가 없습니다.
                 C:\Program Files (x86)\Java\jdk1.8.0_111\include\jni.h(782) : 'JNIEnv_' 선언을 참조하십시오.
                 대신 '.'을(를) 사용하려고 했습니까?
     1>jniString.cpp(108): error C2232: '->JNIEnv_::NewObject' : 왼쪽 피연산자에 'struct' 형식이 있습니다. '.'를 사용하십시오.
     1>jniString.cpp(124): error C2819: 'JNIEnv_' 형식에 오버로드된 멤버 'operator ->'가 없습니다.
                 C:\Program Files (x86)\Java\jdk1.8.0_111\include\jni.h(782) : 'JNIEnv_' 선언을 참조하십시오.
                 대신 '.'을(를) 사용하려고 했습니까?
     1>jniString.cpp(124): error C2232: '->JNIEnv_::FindClass' : 왼쪽 피연산자에 'struct' 형식이 있습니다. '.'를 사용하십시오.
     1>jniString.cpp(127): error C2819: 'JNIEnv_' 형식에 오버로드된 멤버 'operator ->'가 없습니다.
                 C:\Program Files (x86)\Java\jdk1.8.0_111\include\jni.h(782) : 'JNIEnv_' 선언을 참조하십시오.
                 대신 '.'을(를) 사용하려고 했습니까?
     1>jniString.cpp(127): error C2232: '->JNIEnv_::NewGlobalRef' : 왼쪽 피연산자에 'struct' 형식이 있습니다. '.'를 사용하십시오.
     1>jniString.cpp(131): error C2819: 'JNIEnv_' 형식에 오버로드된 멤버 'operator ->'가 없습니다.
                 C:\Program Files (x86)\Java\jdk1.8.0_111\include\jni.h(782) : 'JNIEnv_' 선언을 참조하십시오.
                 대신 '.'을(를) 사용하려고 했습니까?
     1>jniString.cpp(131): error C2232: '->JNIEnv_::GetMethodID' : 왼쪽 피연산자에 'struct' 형식이 있습니다. '.'를 사용하십시오.
     1>jniString.cpp(137): error C2819: 'JNIEnv_' 형식에 오버로드된 멤버 'operator ->'가 없습니다.
                 C:\Program Files (x86)\Java\jdk1.8.0_111\include\jni.h(782) : 'JNIEnv_' 선언을 참조하십시오.
                 대신 '.'을(를) 사용하려고 했습니까?
     1>jniString.cpp(137): error C2232: '->JNIEnv_::NewObject' : 왼쪽 피연산자에 'struct' 형식이 있습니다. '.'를 사용하십시오.
     1>jniString.cpp(139): error C2819: 'JNIEnv_' 형식에 오버로드된 멤버 'operator ->'가 없습니다.
                 C:\Program Files (x86)\Java\jdk1.8.0_111\include\jni.h(782) : 'JNIEnv_' 선언을 참조하십시오.
                 대신 '.'을(를) 사용하려고 했습니까?
     1>jniString.cpp(139): error C2232: '->JNIEnv_::NewStringUTF' : 왼쪽 피연산자에 'struct' 형식이 있습니다. '.'를 사용하십시오.
     1>"D:\Work\JAVA\javaConsole\javaConsole\javaConsole.vcxproj" 프로젝트를 빌드했습니다(Build 대상). - 실패

빌드하지 못했습니다.

경과 시간: 00:00:00.14
